[debug] [2022-01-31T21:28:33.920Z] ----------------------------------------------------------------------
[debug] [2022-01-31T21:28:33.922Z] Command:       /Users/roguerotkosky/.nvm/versions/node/v12.4.0/bin/node /Users/roguerotkosky/.nvm/versions/node/v12.4.0/bin/firebase deploy
[debug] [2022-01-31T21:28:33.923Z] CLI Version:   9.23.0
[debug] [2022-01-31T21:28:33.923Z] Platform:      darwin
[debug] [2022-01-31T21:28:33.923Z] Node Version:  v12.4.0
[debug] [2022-01-31T21:28:33.926Z] Time:          Mon Jan 31 2022 22:28:33 GMT+0100 (Central European Standard Time)
[debug] [2022-01-31T21:28:33.926Z] ----------------------------------------------------------------------
[debug] 
[debug] [2022-01-31T21:28:33.980Z] > command requires scopes: ["email","openid","https://www.googleapis.com/auth/cloudplatformprojects.readonly","https://www.googleapis.com/auth/firebase","https://www.googleapis.com/auth/cloud-platform"]
[debug] [2022-01-31T21:28:33.980Z] > authorizing via signed-in user (architect@summitdefi.com)
[debug] [2022-01-31T21:28:33.980Z] [iam] checking project summit-beta for permissions ["cloudfunctions.functions.create","cloudfunctions.functions.delete","cloudfunctions.functions.get","cloudfunctions.functions.list","cloudfunctions.functions.update","cloudfunctions.operations.get","firebase.projects.get","firebasehosting.sites.update"]
[debug] [2022-01-31T21:28:33.982Z] > refreshing access token with scopes: ["email","https://www.googleapis.com/auth/cloud-platform","https://www.googleapis.com/auth/cloudplatformprojects.readonly","https://www.googleapis.com/auth/firebase","openid"]
[debug] [2022-01-31T21:28:33.982Z] >>> HTTP REQUEST POST https://www.googleapis.com/oauth2/v3/token  
 <request body omitted>
[debug] [2022-01-31T21:28:34.232Z] <<< HTTP RESPONSE 200 {"expires":"Mon, 01 Jan 1990 00:00:00 GMT","date":"Mon, 31 Jan 2022 21:28:34 GMT","cache-control":"no-cache, no-store, max-age=0, must-revalidate","pragma":"no-cache","content-type":"application/json; charset=utf-8","vary":"X-Origin, Referer, Origin,Accept-Encoding","server":"scaffolding on HTTPServer2","x-xss-protection":"0","x-frame-options":"SAMEORIGIN","x-content-type-options":"nosniff","alt-svc":"h3=\":443\"; ma=2592000,h3-29=\":443\"; ma=2592000,h3-Q050=\":443\"; ma=2592000,h3-Q046=\":443\"; ma=2592000,h3-Q043=\":443\"; ma=2592000,quic=\":443\"; ma=2592000; v=\"46,43\"","accept-ranges":"none","transfer-encoding":"chunked"}
[debug] [2022-01-31T21:28:34.279Z] >>> HTTP REQUEST POST https://cloudresourcemanager.googleapis.com/v1/projects/summit-beta:testIamPermissions  
 {"permissions":["cloudfunctions.functions.create","cloudfunctions.functions.delete","cloudfunctions.functions.get","cloudfunctions.functions.list","cloudfunctions.functions.update","cloudfunctions.operations.get","firebase.projects.get","firebasehosting.sites.update"]}
[debug] [2022-01-31T21:28:35.182Z] <<< HTTP RESPONSE 200 {"content-type":"application/json; charset=UTF-8","vary":"X-Origin, Referer, Origin,Accept-Encoding","date":"Mon, 31 Jan 2022 21:28:35 GMT","server":"ESF","cache-control":"private","x-xss-protection":"0","x-frame-options":"SAMEORIGIN","x-content-type-options":"nosniff","server-timing":"gfet4t7; dur=692","alt-svc":"h3=\":443\"; ma=2592000,h3-29=\":443\"; ma=2592000,h3-Q050=\":443\"; ma=2592000,h3-Q046=\":443\"; ma=2592000,h3-Q043=\":443\"; ma=2592000,quic=\":443\"; ma=2592000; v=\"46,43\"","accept-ranges":"none","transfer-encoding":"chunked"}
[debug] [2022-01-31T21:28:35.184Z] >>> HTTP REQUEST POST https://iam.googleapis.com/v1/projects/summit-beta/serviceAccounts/summit-beta@appspot.gserviceaccount.com:testIamPermissions  
 {"permissions":["iam.serviceAccounts.actAs"]}
[debug] [2022-01-31T21:28:36.059Z] <<< HTTP RESPONSE 200 {"content-type":"application/json; charset=UTF-8","vary":"X-Origin, Referer, Origin,Accept-Encoding","date":"Mon, 31 Jan 2022 21:28:36 GMT","server":"ESF","cache-control":"private","x-xss-protection":"0","x-frame-options":"SAMEORIGIN","x-content-type-options":"nosniff","alt-svc":"h3=\":443\"; ma=2592000,h3-29=\":443\"; ma=2592000,h3-Q050=\":443\"; ma=2592000,h3-Q046=\":443\"; ma=2592000,h3-Q043=\":443\"; ma=2592000,quic=\":443\"; ma=2592000; v=\"46,43\"","accept-ranges":"none","transfer-encoding":"chunked"}
[debug] [2022-01-31T21:28:36.062Z] > refreshing access token with scopes: []
[debug] [2022-01-31T21:28:36.063Z] >>> HTTP REQUEST POST https://www.googleapis.com/oauth2/v3/token  
 <request body omitted>
[debug] [2022-01-31T21:28:36.247Z] <<< HTTP RESPONSE 200 {"expires":"Mon, 01 Jan 1990 00:00:00 GMT","cache-control":"no-cache, no-store, max-age=0, must-revalidate","date":"Mon, 31 Jan 2022 21:28:36 GMT","pragma":"no-cache","content-type":"application/json; charset=utf-8","vary":"X-Origin, Referer, Origin,Accept-Encoding","server":"scaffolding on HTTPServer2","x-xss-protection":"0","x-frame-options":"SAMEORIGIN","x-content-type-options":"nosniff","alt-svc":"h3=\":443\"; ma=2592000,h3-29=\":443\"; ma=2592000,h3-Q050=\":443\"; ma=2592000,h3-Q046=\":443\"; ma=2592000,h3-Q043=\":443\"; ma=2592000,quic=\":443\"; ma=2592000; v=\"46,43\"","accept-ranges":"none","transfer-encoding":"chunked"}
[debug] [2022-01-31T21:28:36.293Z] >>> [apiv2][query] GET https://firebase.googleapis.com/v1beta1/projects/summit-beta [none]
[debug] [2022-01-31T21:28:36.644Z] <<< [apiv2][status] GET https://firebase.googleapis.com/v1beta1/projects/summit-beta 200
[debug] [2022-01-31T21:28:36.644Z] <<< [apiv2][body] GET https://firebase.googleapis.com/v1beta1/projects/summit-beta {"projectId":"summit-beta","projectNumber":"183184788322","displayName":"summit-beta","name":"projects/summit-beta","resources":{"hostingSite":"summit-beta"},"state":"ACTIVE"}
[info] 
[info] === Deploying to 'summit-beta'...
[info] 
[info] i  deploying functions, hosting 
[info] Running command: yarn build
[debug] [2022-01-31T21:28:57.592Z] ----------------------------------------------------------------------
[debug] [2022-01-31T21:28:57.596Z] Command:       /Users/roguerotkosky/.nvm/versions/node/v12.4.0/bin/node /Users/roguerotkosky/.nvm/versions/node/v12.4.0/bin/firebase deploy
[debug] [2022-01-31T21:28:57.596Z] CLI Version:   9.23.0
[debug] [2022-01-31T21:28:57.596Z] Platform:      darwin
[debug] [2022-01-31T21:28:57.596Z] Node Version:  v12.4.0
[debug] [2022-01-31T21:28:57.600Z] Time:          Mon Jan 31 2022 22:28:57 GMT+0100 (Central European Standard Time)
[debug] [2022-01-31T21:28:57.600Z] ----------------------------------------------------------------------
[debug] 
[debug] [2022-01-31T21:28:57.659Z] > command requires scopes: ["email","openid","https://www.googleapis.com/auth/cloudplatformprojects.readonly","https://www.googleapis.com/auth/firebase","https://www.googleapis.com/auth/cloud-platform"]
[debug] [2022-01-31T21:28:57.660Z] > authorizing via signed-in user (architect@summitdefi.com)
[debug] [2022-01-31T21:28:57.660Z] [iam] checking project summit-beta for permissions ["cloudfunctions.functions.create","cloudfunctions.functions.delete","cloudfunctions.functions.get","cloudfunctions.functions.list","cloudfunctions.functions.update","cloudfunctions.operations.get","firebase.projects.get","firebasehosting.sites.update"]
[debug] [2022-01-31T21:28:57.662Z] > refreshing access token with scopes: ["email","https://www.googleapis.com/auth/cloud-platform","https://www.googleapis.com/auth/cloudplatformprojects.readonly","https://www.googleapis.com/auth/firebase","openid"]
[debug] [2022-01-31T21:28:57.662Z] >>> HTTP REQUEST POST https://www.googleapis.com/oauth2/v3/token  
 <request body omitted>
[debug] [2022-01-31T21:28:57.894Z] <<< HTTP RESPONSE 200 {"date":"Mon, 31 Jan 2022 21:28:58 GMT","pragma":"no-cache","cache-control":"no-cache, no-store, max-age=0, must-revalidate","expires":"Mon, 01 Jan 1990 00:00:00 GMT","content-type":"application/json; charset=utf-8","vary":"X-Origin, Referer, Origin,Accept-Encoding","server":"scaffolding on HTTPServer2","x-xss-protection":"0","x-frame-options":"SAMEORIGIN","x-content-type-options":"nosniff","alt-svc":"h3=\":443\"; ma=2592000,h3-29=\":443\"; ma=2592000,h3-Q050=\":443\"; ma=2592000,h3-Q046=\":443\"; ma=2592000,h3-Q043=\":443\"; ma=2592000,quic=\":443\"; ma=2592000; v=\"46,43\"","accept-ranges":"none","transfer-encoding":"chunked"}
[debug] [2022-01-31T21:28:57.937Z] >>> HTTP REQUEST POST https://cloudresourcemanager.googleapis.com/v1/projects/summit-beta:testIamPermissions  
 {"permissions":["cloudfunctions.functions.create","cloudfunctions.functions.delete","cloudfunctions.functions.get","cloudfunctions.functions.list","cloudfunctions.functions.update","cloudfunctions.operations.get","firebase.projects.get","firebasehosting.sites.update"]}
[debug] [2022-01-31T21:28:58.220Z] <<< HTTP RESPONSE 200 {"content-type":"application/json; charset=UTF-8","vary":"X-Origin, Referer, Origin,Accept-Encoding","date":"Mon, 31 Jan 2022 21:28:58 GMT","server":"ESF","cache-control":"private","x-xss-protection":"0","x-frame-options":"SAMEORIGIN","x-content-type-options":"nosniff","server-timing":"gfet4t7; dur=145","alt-svc":"h3=\":443\"; ma=2592000,h3-29=\":443\"; ma=2592000,h3-Q050=\":443\"; ma=2592000,h3-Q046=\":443\"; ma=2592000,h3-Q043=\":443\"; ma=2592000,quic=\":443\"; ma=2592000; v=\"46,43\"","accept-ranges":"none","transfer-encoding":"chunked"}
[debug] [2022-01-31T21:28:58.221Z] >>> HTTP REQUEST POST https://iam.googleapis.com/v1/projects/summit-beta/serviceAccounts/summit-beta@appspot.gserviceaccount.com:testIamPermissions  
 {"permissions":["iam.serviceAccounts.actAs"]}
[debug] [2022-01-31T21:28:59.013Z] <<< HTTP RESPONSE 200 {"content-type":"application/json; charset=UTF-8","vary":"X-Origin, Referer, Origin,Accept-Encoding","date":"Mon, 31 Jan 2022 21:28:59 GMT","server":"ESF","cache-control":"private","x-xss-protection":"0","x-frame-options":"SAMEORIGIN","x-content-type-options":"nosniff","alt-svc":"h3=\":443\"; ma=2592000,h3-29=\":443\"; ma=2592000,h3-Q050=\":443\"; ma=2592000,h3-Q046=\":443\"; ma=2592000,h3-Q043=\":443\"; ma=2592000,quic=\":443\"; ma=2592000; v=\"46,43\"","accept-ranges":"none","transfer-encoding":"chunked"}
[debug] [2022-01-31T21:28:59.015Z] > refreshing access token with scopes: []
[debug] [2022-01-31T21:28:59.015Z] >>> HTTP REQUEST POST https://www.googleapis.com/oauth2/v3/token  
 <request body omitted>
[debug] [2022-01-31T21:28:59.207Z] <<< HTTP RESPONSE 200 {"cache-control":"no-cache, no-store, max-age=0, must-revalidate","pragma":"no-cache","expires":"Mon, 01 Jan 1990 00:00:00 GMT","date":"Mon, 31 Jan 2022 21:28:59 GMT","content-type":"application/json; charset=utf-8","vary":"X-Origin, Referer, Origin,Accept-Encoding","server":"scaffolding on HTTPServer2","x-xss-protection":"0","x-frame-options":"SAMEORIGIN","x-content-type-options":"nosniff","alt-svc":"h3=\":443\"; ma=2592000,h3-29=\":443\"; ma=2592000,h3-Q050=\":443\"; ma=2592000,h3-Q046=\":443\"; ma=2592000,h3-Q043=\":443\"; ma=2592000,quic=\":443\"; ma=2592000; v=\"46,43\"","accept-ranges":"none","transfer-encoding":"chunked"}
[debug] [2022-01-31T21:28:59.248Z] >>> [apiv2][query] GET https://firebase.googleapis.com/v1beta1/projects/summit-beta [none]
[debug] [2022-01-31T21:28:59.657Z] <<< [apiv2][status] GET https://firebase.googleapis.com/v1beta1/projects/summit-beta 200
[debug] [2022-01-31T21:28:59.657Z] <<< [apiv2][body] GET https://firebase.googleapis.com/v1beta1/projects/summit-beta {"projectId":"summit-beta","projectNumber":"183184788322","displayName":"summit-beta","name":"projects/summit-beta","resources":{"hostingSite":"summit-beta"},"state":"ACTIVE"}
[info] 
[info] === Deploying to 'summit-beta'...
[info] 
[info] i  deploying functions, hosting 
[info] Running command: yarn build
